[18:00:04] [main/INFO] [GradleStart]: Extra: []
[18:00:04] [main/INFO] [GradleStart]: Begin coremod and grimpatch search...
[18:00:04] [main/INFO] [GradleStart]: Finished coremod and grimpatch search, elapsed time: 116ms
[18:00:04] [main/INFO] [GradleStart]: Running with arguments: [--userProperties, {}, --assetsDir, H:/.gradle/caches/minecraft/assets, --assetIndex, 1.7.10, --accessToken, {REDACTED}, --version, 1.7.10, --tweakClass, cpw.mods.fml.common.launcher.FMLTweaker, --tweakClass, net.minecraftforge.gradle.tweakers.CoremodTweaker]
[18:00:04] [main/INFO] [LaunchWrapper]: Loading tweak class name cpw.mods.fml.common.launcher.FMLTweaker
[18:00:04] [main/INFO] [LaunchWrapper]: Using primary tweak class name cpw.mods.fml.common.launcher.FMLTweaker
[18:00:04] [main/INFO] [LaunchWrapper]: Loading tweak class name net.minecraftforge.gradle.tweakers.CoremodTweaker
[18:00:04] [main/INFO] [LaunchWrapper]: Calling tweak class cpw.mods.fml.common.launcher.FMLTweaker
[18:12:29] [main/INFO] [GradleStart]: Extra: []
[18:12:29] [main/INFO] [GradleStart]: Begin coremod and grimpatch search...
[18:12:29] [main/INFO] [GradleStart]: Finished coremod and grimpatch search, elapsed time: 81ms
[18:12:29] [main/INFO] [GradleStart]: Running with arguments: [--userProperties, {}, --assetsDir, H:/.gradle/caches/minecraft/assets, --assetIndex, 1.7.10, --accessToken, {REDACTED}, --version, 1.7.10, --tweakClass, cpw.mods.fml.common.launcher.FMLTweaker, --tweakClass, net.minecraftforge.gradle.tweakers.CoremodTweaker]
[18:12:29] [main/INFO] [LaunchWrapper]: Loading tweak class name cpw.mods.fml.common.launcher.FMLTweaker
[18:12:29] [main/INFO] [LaunchWrapper]: Using primary tweak class name cpw.mods.fml.common.launcher.FMLTweaker
[18:12:29] [main/INFO] [LaunchWrapper]: Loading tweak class name net.minecraftforge.gradle.tweakers.CoremodTweaker
[18:12:29] [main/INFO] [LaunchWrapper]: Calling tweak class cpw.mods.fml.common.launcher.FMLTweaker
[18:15:30] [main/INFO] [GradleStart]: Extra: []
[18:15:30] [main/INFO] [GradleStart]: Begin coremod and grimpatch search...
[18:15:30] [main/INFO] [GradleStart]: Finished coremod and grimpatch search, elapsed time: 85ms
[18:15:30] [main/INFO] [GradleStart]: Running with arguments: [--userProperties, {}, --assetsDir, H:/.gradle/caches/minecraft/assets, --assetIndex, 1.7.10, --accessToken, {REDACTED}, --version, 1.7.10, --tweakClass, cpw.mods.fml.common.launcher.FMLTweaker, --tweakClass, net.minecraftforge.gradle.tweakers.CoremodTweaker]
[18:15:30] [main/INFO] [LaunchWrapper]: Loading tweak class name cpw.mods.fml.common.launcher.FMLTweaker
[18:15:30] [main/INFO] [LaunchWrapper]: Using primary tweak class name cpw.mods.fml.common.launcher.FMLTweaker
[18:15:30] [main/INFO] [LaunchWrapper]: Loading tweak class name net.minecraftforge.gradle.tweakers.CoremodTweaker
[18:15:30] [main/INFO] [LaunchWrapper]: Calling tweak class cpw.mods.fml.common.launcher.FMLTweaker
[18:18:58] [main/INFO] [GradleStart]: Extra: []
[18:18:58] [main/INFO] [GradleStart]: Begin coremod and grimpatch search...
[18:18:58] [main/INFO] [GradleStart]: Finished coremod and grimpatch search, elapsed time: 84ms
[18:18:58] [main/INFO] [GradleStart]: Running with arguments: [--userProperties, {}, --assetsDir, H:/.gradle/caches/minecraft/assets, --assetIndex, 1.7.10, --accessToken, {REDACTED}, --version, 1.7.10, --tweakClass, cpw.mods.fml.common.launcher.FMLTweaker, --tweakClass, net.minecraftforge.gradle.tweakers.CoremodTweaker]
[18:18:58] [main/INFO] [LaunchWrapper]: Loading tweak class name cpw.mods.fml.common.launcher.FMLTweaker
[18:18:58] [main/INFO] [LaunchWrapper]: Using primary tweak class name cpw.mods.fml.common.launcher.FMLTweaker
[18:18:58] [main/INFO] [LaunchWrapper]: Loading tweak class name net.minecraftforge.gradle.tweakers.CoremodTweaker
[18:18:58] [main/INFO] [LaunchWrapper]: Calling tweak class cpw.mods.fml.common.launcher.FMLTweaker
[18:20:40] [main/INFO] [GradleStart]: Extra: []
[18:20:40] [main/INFO] [GradleStart]: Begin coremod and grimpatch search...
[18:20:40] [main/INFO] [GradleStart]: Finished coremod and grimpatch search, elapsed time: 83ms
[18:20:40] [main/INFO] [GradleStart]: Running with arguments: [--userProperties, {}, --assetsDir, H:/.gradle/caches/minecraft/assets, --assetIndex, 1.7.10, --accessToken, {REDACTED}, --version, 1.7.10, --tweakClass, cpw.mods.fml.common.launcher.FMLTweaker, --tweakClass, net.minecraftforge.gradle.tweakers.CoremodTweaker]
[18:20:40] [main/INFO] [LaunchWrapper]: Loading tweak class name cpw.mods.fml.common.launcher.FMLTweaker
[18:20:40] [main/INFO] [LaunchWrapper]: Using primary tweak class name cpw.mods.fml.common.launcher.FMLTweaker
[18:20:40] [main/INFO] [LaunchWrapper]: Loading tweak class name net.minecraftforge.gradle.tweakers.CoremodTweaker
[18:20:40] [main/INFO] [LaunchWrapper]: Calling tweak class cpw.mods.fml.common.launcher.FMLTweaker
[18:22:49] [main/INFO] [GradleStart]: Extra: []
[18:22:49] [main/INFO] [GradleStart]: Begin coremod and grimpatch search...
[18:22:49] [main/INFO] [GradleStart]: Finished coremod and grimpatch search, elapsed time: 107ms
[18:22:49] [main/INFO] [GradleStart]: Running with arguments: [--userProperties, {}, --assetsDir, H:/.gradle/caches/minecraft/assets, --assetIndex, 1.7.10, --accessToken, {REDACTED}, --version, 1.7.10, --tweakClass, cpw.mods.fml.common.launcher.FMLTweaker, --tweakClass, net.minecraftforge.gradle.tweakers.CoremodTweaker]
[18:22:49] [main/INFO] [LaunchWrapper]: Loading tweak class name cpw.mods.fml.common.launcher.FMLTweaker
[18:22:49] [main/INFO] [LaunchWrapper]: Using primary tweak class name cpw.mods.fml.common.launcher.FMLTweaker
[18:22:49] [main/INFO] [LaunchWrapper]: Loading tweak class name net.minecraftforge.gradle.tweakers.CoremodTweaker
[18:22:49] [main/INFO] [LaunchWrapper]: Calling tweak class cpw.mods.fml.common.launcher.FMLTweaker
[18:26:40] [main/INFO] [GradleStart]: Extra: []
[18:26:40] [main/INFO] [GradleStart]: Begin coremod and grimpatch search...
[18:26:40] [main/INFO] [GradleStart]: Finished coremod and grimpatch search, elapsed time: 79ms
[18:26:40] [main/INFO] [GradleStart]: Running with arguments: [--userProperties, {}, --assetsDir, H:/.gradle/caches/minecraft/assets, --assetIndex, 1.7.10, --accessToken, {REDACTED}, --version, 1.7.10, --tweakClass, cpw.mods.fml.common.launcher.FMLTweaker, --tweakClass, net.minecraftforge.gradle.tweakers.CoremodTweaker]
[18:26:40] [main/INFO] [LaunchWrapper]: Loading tweak class name cpw.mods.fml.common.launcher.FMLTweaker
[18:26:40] [main/INFO] [LaunchWrapper]: Using primary tweak class name cpw.mods.fml.common.launcher.FMLTweaker
[18:26:40] [main/INFO] [LaunchWrapper]: Loading tweak class name net.minecraftforge.gradle.tweakers.CoremodTweaker
[18:26:40] [main/INFO] [LaunchWrapper]: Calling tweak class cpw.mods.fml.common.launcher.FMLTweaker
[18:39:20] [main/INFO] [GradleStart]: Extra: []
[18:39:20] [main/INFO] [GradleStart]: Begin coremod and grimpatch search...
[18:39:20] [main/INFO] [GradleStart]: Finished coremod and grimpatch search, elapsed time: 78ms
[18:39:20] [main/INFO] [GradleStart]: Running with arguments: [--userProperties, {}, --assetsDir, H:/.gradle/caches/minecraft/assets, --assetIndex, 1.7.10, --accessToken, {REDACTED}, --version, 1.7.10, --tweakClass, cpw.mods.fml.common.launcher.FMLTweaker, --tweakClass, net.minecraftforge.gradle.tweakers.CoremodTweaker]
[18:39:20] [main/INFO] [LaunchWrapper]: Loading tweak class name cpw.mods.fml.common.launcher.FMLTweaker
[18:39:20] [main/INFO] [LaunchWrapper]: Using primary tweak class name cpw.mods.fml.common.launcher.FMLTweaker
[18:39:20] [main/INFO] [LaunchWrapper]: Loading tweak class name net.minecraftforge.gradle.tweakers.CoremodTweaker
[18:39:20] [main/INFO] [LaunchWrapper]: Calling tweak class cpw.mods.fml.common.launcher.FMLTweaker
